                             Memory Type Usage Summary                              
+----------------------------------------------------------------------------------+
| Memory Type/Section   | Used [bytes] | Used [%] | Remain [bytes] | Total [bytes] |
|-----------------------+--------------+----------+----------------+---------------|
| Flash Code            |        84590 |     2.53 |        3257714 |       3342304 |
|    .text              |        84590 |     2.53 |                |               |
| IRAM                  |        52703 |    40.21 |          78369 |        131072 |
|    .text              |        51675 |    39.42 |                |               |
|    .vectors           |         1027 |     0.78 |                |               |
| Flash Data            |        42500 |     1.01 |        4151772 |       4194272 |
|    .rodata            |        42244 |     1.01 |                |               |
|    .appdesc           |          256 |     0.01 |                |               |
| DRAM                  |        11332 |     6.27 |         169404 |        180736 |
|    .data              |         9068 |     5.02 |                |               |
|    .bss               |         2264 |     1.25 |                |               |
| RTC FAST              |           28 |     0.34 |           8164 |          8192 |
|    .force_fast        |           28 |     0.34 |                |               |
| RTC SLOW              |           24 |     0.29 |           8168 |          8192 |
|    .rtc_slow_reserved |           24 |     0.29 |                |               |
+----------------------------------------------------------------------------------+
C:\Espressif\python_env\idf5.4_py3.11_env\Scripts\python.exe C:/Espressif/frameworks/esp-idf-v5.4-3/\components\partition_table\gen_esp32part.py C:\codigoESP3\PosicionEncoders\build\partition_table\partition-table.bin
Total time taken to build the project: 50,645 ms